[I 2026-07-25 21:28:56,687] A new study created in memory with name: no-name-f2add71f-bc68-4963-9533-dea6b310589d
[I 2026-07-25 21:49:39,873] Trial 0 finished with value: 0.20429687500000004 and parameters: {'beta_max': 0.11223032830669008}. Best is trial 0 with value: 0.20429687500000004.
[I 2026-07-25 22:09:51,708] Trial 1 finished with value: 0.19980468750000002 and parameters: {'beta_max': 1.5938909637287855}. Best is trial 0 with value: 0.20429687500000004.
[I 2026-07-25 22:30:01,270] Trial 2 finished with value: 0.21074218749999996 and parameters: {'beta_max': 0.5821271826266137}. Best is trial 2 with value: 0.21074218749999996.
[I 2026-07-25 22:50:27,575] Trial 3 finished with value: 0.20078125000000002 and parameters: {'beta_max': 0.31502640999559434}. Best is trial 2 with value: 0.21074218749999996.
[I 2026-07-25 23:10:39,712] Trial 4 finished with value: 0.19999999999999996 and parameters: {'beta_max': 0.04102676526174899}. Best is trial 2 with value: 0.21074218749999996.
[I 2026-07-25 23:30:50,956] Trial 5 finished with value: 0.20449218749999998 and parameters: {'beta_max': 0.04102220837686794}. Best is trial 2 with value: 0.21074218749999996.
[I 2026-07-25 23:51:00,434] Trial 6 finished with value: 0.20234375000000004 and parameters: {'beta_max': 0.026133478476106562}. Best is trial 2 with value: 0.21074218749999996.
[I 2026-07-26 00:11:17,002] Trial 7 finished with value: 0.2041015625 and parameters: {'beta_max': 1.0798968819574857}. Best is trial 2 with value: 0.21074218749999996.
[I 2026-07-26 00:31:33,871] Trial 8 finished with value: 0.21113281250000004 and parameters: {'beta_max': 0.31861045232482016}. Best is trial 8 with value: 0.21113281250000004.
[I 2026-07-26 00:52:01,923] Trial 9 finished with value: 0.20058593749999998 and parameters: {'beta_max': 0.521404951674153}. Best is trial 8 with value: 0.21113281250000004.
[I 2026-07-26 01:12:26,463] Trial 10 finished with value: 0.20253906249999998 and parameters: {'beta_max': 0.021988671149532388}. Best is trial 8 with value: 0.21113281250000004.
[I 2026-07-26 01:32:45,290] Trial 11 finished with value: 0.20351562499999998 and parameters: {'beta_max': 1.74120417566097}. Best is trial 8 with value: 0.21113281250000004.
[I 2026-07-26 01:53:12,861] Trial 12 finished with value: 0.203125 and parameters: {'beta_max': 0.9245178002041654}. Best is trial 8 with value: 0.21113281250000004.
[I 2026-07-26 02:13:20,892] Trial 13 finished with value: 0.20390624999999996 and parameters: {'beta_max': 0.05317508796654538}. Best is trial 8 with value: 0.21113281250000004.
[I 2026-07-26 02:33:31,232] Trial 14 finished with value: 0.20703125 and parameters: {'beta_max': 0.04620403775690586}. Best is trial 8 with value: 0.21113281250000004.
[I 2026-07-26 02:33:31,481] A new study created in memory with name: no-name-95110197-9d93-4987-861d-9490aee9e8d4
[I 2026-07-26 02:53:41,821] Trial 0 finished with value: 0.20175781250000002 and parameters: {'beta_max': 0.11223032830669008}. Best is trial 0 with value: 0.20175781250000002.
[I 2026-07-26 03:13:57,901] Trial 1 finished with value: 0.20742187499999998 and parameters: {'beta_max': 1.5938909637287855}. Best is trial 1 with value: 0.20742187499999998.
[I 2026-07-26 03:34:19,804] Trial 2 finished with value: 0.20488281249999996 and parameters: {'beta_max': 0.5821271826266137}. Best is trial 1 with value: 0.20742187499999998.
[I 2026-07-26 03:54:32,384] Trial 3 finished with value: 0.20371093750000002 and parameters: {'beta_max': 0.31502640999559434}. Best is trial 1 with value: 0.20742187499999998.
[I 2026-07-26 04:14:51,077] Trial 4 finished with value: 0.20195312499999996 and parameters: {'beta_max': 0.04102676526174899}. Best is trial 1 with value: 0.20742187499999998.
[I 2026-07-26 04:35:06,762] Trial 5 finished with value: 0.2060546875 and parameters: {'beta_max': 0.04102220837686794}. Best is trial 1 with value: 0.20742187499999998.
[I 2026-07-26 04:55:18,883] Trial 6 finished with value: 0.20722656250000004 and parameters: {'beta_max': 0.026133478476106562}. Best is trial 1 with value: 0.20742187499999998.
[I 2026-07-26 05:15:37,618] Trial 7 finished with value: 0.19941406250000004 and parameters: {'beta_max': 1.0798968819574857}. Best is trial 1 with value: 0.20742187499999998.
[I 2026-07-26 05:35:59,216] Trial 8 finished with value: 0.20234375000000004 and parameters: {'beta_max': 0.31861045232482016}. Best is trial 1 with value: 0.20742187499999998.
[I 2026-07-26 05:56:14,176] Trial 9 finished with value: 0.20253906249999998 and parameters: {'beta_max': 0.521404951674153}. Best is trial 1 with value: 0.20742187499999998.
[I 2026-07-26 06:16:39,360] Trial 10 finished with value: 0.2041015625 and parameters: {'beta_max': 1.8197833405369452}. Best is trial 1 with value: 0.20742187499999998.
[I 2026-07-26 06:37:02,336] Trial 11 finished with value: 0.20742187499999998 and parameters: {'beta_max': 0.020306641002117824}. Best is trial 1 with value: 0.20742187499999998.
[I 2026-07-26 06:57:19,450] Trial 12 finished with value: 0.20273437500000002 and parameters: {'beta_max': 0.08689766176602393}. Best is trial 1 with value: 0.20742187499999998.
[I 2026-07-26 07:17:45,419] Trial 13 finished with value: 0.201171875 and parameters: {'beta_max': 0.1238590680984849}. Best is trial 1 with value: 0.20742187499999998.
[I 2026-07-26 07:38:11,244] Trial 14 finished with value: 0.20527343750000004 and parameters: {'beta_max': 1.8569975619302463}. Best is trial 1 with value: 0.20742187499999998.
[I 2026-07-26 07:38:11,811] A new study created in memory with name: no-name-3fe9f5a1-06bf-4f20-9afa-80781e3fc155
[I 2026-07-26 07:58:27,124] Trial 0 finished with value: 0.19980468750000002 and parameters: {'beta_max': 0.11223032830669008}. Best is trial 0 with value: 0.19980468750000002.
[W 2026-07-26 07:58:27,125] `CmaEsSampler` only supports two or more dimensional continuous search space. `RandomSampler` is used instead of `CmaEsSampler`.
[I 2026-07-26 08:18:40,393] Trial 1 finished with value: 0.20097656249999996 and parameters: {'beta_max': 1.5938909637287855}. Best is trial 1 with value: 0.20097656249999996.
[I 2026-07-26 08:39:03,144] Trial 2 finished with value: 0.20156249999999998 and parameters: {'beta_max': 0.5821271826266137}. Best is trial 2 with value: 0.20156249999999998.
[I 2026-07-26 08:59:18,271] Trial 3 finished with value: 0.20332031250000004 and parameters: {'beta_max': 0.31502640999559434}. Best is trial 3 with value: 0.20332031250000004.
[I 2026-07-26 09:19:29,480] Trial 4 finished with value: 0.2109375 and parameters: {'beta_max': 0.04102676526174899}. Best is trial 4 with value: 0.2109375.
[I 2026-07-26 09:40:03,767] Trial 5 finished with value: 0.20664062500000002 and parameters: {'beta_max': 0.04102220837686794}. Best is trial 4 with value: 0.2109375.
[I 2026-07-26 10:00:28,141] Trial 6 finished with value: 0.203125 and parameters: {'beta_max': 0.026133478476106562}. Best is trial 4 with value: 0.2109375.
[I 2026-07-26 10:20:46,294] Trial 7 finished with value: 0.20644531249999998 and parameters: {'beta_max': 1.0798968819574857}. Best is trial 4 with value: 0.2109375.
[I 2026-07-26 10:41:09,239] Trial 8 finished with value: 0.203125 and parameters: {'beta_max': 0.31861045232482016}. Best is trial 4 with value: 0.2109375.
[I 2026-07-26 11:01:26,815] Trial 9 finished with value: 0.203125 and parameters: {'beta_max': 0.521404951674153}. Best is trial 4 with value: 0.2109375.
[I 2026-07-26 11:21:46,824] Trial 10 finished with value: 0.20234375000000004 and parameters: {'beta_max': 0.021988671149532388}. Best is trial 4 with value: 0.2109375.
[I 2026-07-26 11:42:11,295] Trial 11 finished with value: 0.19902343749999996 and parameters: {'beta_max': 1.74120417566097}. Best is trial 4 with value: 0.2109375.
[I 2026-07-26 12:02:24,827] Trial 12 finished with value: 0.19785156250000002 and parameters: {'beta_max': 0.9245178002041654}. Best is trial 4 with value: 0.2109375.
[I 2026-07-26 12:22:47,775] Trial 13 finished with value: 0.20078125000000002 and parameters: {'beta_max': 0.05317508796654538}. Best is trial 4 with value: 0.2109375.
[I 2026-07-26 12:43:11,637] Trial 14 finished with value: 0.20429687500000004 and parameters: {'beta_max': 0.04620403775690586}. Best is trial 4 with value: 0.2109375.
[I 2026-07-26 12:43:12,067] A new study created in memory with name: no-name-ec81b6ca-b424-45f9-afca-dc06fc04b9b2
[I 2026-07-26 13:16:35,422] Trial 0 finished with value: 0.2072265625 and parameters: {'total_epochs': 50, 'sca_num_cycles': 10, 'sca_lr': 0.0008960785365368125}. Best is trial 0 with value: 0.2072265625.
[I 2026-07-26 14:00:36,616] Trial 1 finished with value: 0.2048828125 and parameters: {'total_epochs': 68, 'sca_num_cycles': 4, 'sca_lr': 0.00015957084694148357}. Best is trial 0 with value: 0.2072265625.
[I 2026-07-26 14:14:54,503] Trial 2 finished with value: 0.2037109375 and parameters: {'total_epochs': 24, 'sca_num_cycles': 9, 'sca_lr': 0.0006054365855469249}. Best is trial 0 with value: 0.2072265625.
[I 2026-07-26 15:03:06,240] Trial 3 finished with value: 0.2109375 and parameters: {'total_epochs': 77, 'sca_num_cycles': 3, 'sca_lr': 0.0018276027831785732}. Best is trial 3 with value: 0.2109375.
[I 2026-07-26 15:56:31,234] Trial 4 finished with value: 0.2146484375 and parameters: {'total_epochs': 87, 'sca_num_cycles': 4, 'sca_lr': 0.0001724089219582153}. Best is trial 4 with value: 0.2146484375.
[I 2026-07-26 16:17:54,360] Trial 5 finished with value: 0.181640625 and parameters: {'total_epochs': 34, 'sca_num_cycles': 5, 'sca_lr': 0.0004816414530907088}. Best is trial 4 with value: 0.2146484375.
[I 2026-07-26 16:51:20,503] Trial 6 finished with value: 0.23046875 and parameters: {'total_epochs': 54, 'sca_num_cycles': 5, 'sca_lr': 0.0006252287916406219}. Best is trial 6 with value: 0.23046875.
[I 2026-07-26 17:12:41,480] Trial 7 finished with value: 0.198828125 and parameters: {'total_epochs': 31, 'sca_num_cycles': 5, 'sca_lr': 0.000299673090971016}. Best is trial 6 with value: 0.23046875.
[I 2026-07-26 17:48:22,206] Trial 8 finished with value: 0.18984375 and parameters: {'total_epochs': 56, 'sca_num_cycles': 9, 'sca_lr': 0.00018187859051288225}. Best is trial 6 with value: 0.23046875.
[I 2026-07-26 18:25:09,864] Trial 9 finished with value: 0.1775390625 and parameters: {'total_epochs': 61, 'sca_num_cycles': 7, 'sca_lr': 0.00011492999300221417}. Best is trial 6 with value: 0.23046875.
[I 2026-07-26 19:09:18,208] Trial 10 finished with value: 0.209375 and parameters: {'total_epochs': 69, 'sca_num_cycles': 4, 'sca_lr': 0.00012151617026673395}. Best is trial 6 with value: 0.23046875.
[I 2026-07-26 20:06:27,938] Trial 11 finished with value: 0.2638671875 and parameters: {'total_epochs': 96, 'sca_num_cycles': 10, 'sca_lr': 0.0011265466963346032}. Best is trial 11 with value: 0.2638671875.
[I 2026-07-26 20:35:20,189] Trial 12 finished with value: 0.2056640625 and parameters: {'total_epochs': 44, 'sca_num_cycles': 3, 'sca_lr': 0.0007766184280392891}. Best is trial 11 with value: 0.2638671875.
[I 2026-07-26 21:11:17,098] Trial 13 finished with value: 0.2076171875 and parameters: {'total_epochs': 55, 'sca_num_cycles': 3, 'sca_lr': 0.0004407984038169245}. Best is trial 11 with value: 0.2638671875.
[I 2026-07-26 21:26:43,129] Trial 14 finished with value: 0.191015625 and parameters: {'total_epochs': 22, 'sca_num_cycles': 10, 'sca_lr': 0.0002171103454376617}. Best is trial 11 with value: 0.2638671875.
[I 2026-07-26 21:26:43,771] A new study created in memory with name: no-name-9cfde3fc-3008-4071-88f6-e1f125f4d611
[I 2026-07-26 21:59:53,891] Trial 0 finished with value: 0.2103515625 and parameters: {'total_epochs': 50, 'sca_num_cycles': 10, 'sca_lr': 0.0008960785365368125}. Best is trial 0 with value: 0.2103515625.
[I 2026-07-26 22:43:58,939] Trial 1 finished with value: 0.2029296875 and parameters: {'total_epochs': 68, 'sca_num_cycles': 4, 'sca_lr': 0.00015957084694148357}. Best is trial 0 with value: 0.2103515625.
[I 2026-07-26 22:58:12,808] Trial 2 finished with value: 0.194140625 and parameters: {'total_epochs': 24, 'sca_num_cycles': 9, 'sca_lr': 0.0006054365855469249}. Best is trial 0 with value: 0.2103515625.
[I 2026-07-26 23:46:16,209] Trial 3 finished with value: 0.1921875 and parameters: {'total_epochs': 77, 'sca_num_cycles': 3, 'sca_lr': 0.0018276027831785732}. Best is trial 0 with value: 0.2103515625.
[I 2026-07-27 00:39:51,960] Trial 4 finished with value: 0.211328125 and parameters: {'total_epochs': 87, 'sca_num_cycles': 4, 'sca_lr': 0.0001724089219582153}. Best is trial 4 with value: 0.211328125.
[I 2026-07-27 01:01:18,027] Trial 5 finished with value: 0.1875 and parameters: {'total_epochs': 34, 'sca_num_cycles': 5, 'sca_lr': 0.0004816414530907088}. Best is trial 4 with value: 0.211328125.
[I 2026-07-27 01:34:41,779] Trial 6 finished with value: 0.2087890625 and parameters: {'total_epochs': 54, 'sca_num_cycles': 5, 'sca_lr': 0.0006252287916406219}. Best is trial 4 with value: 0.211328125.
[I 2026-07-27 01:56:13,555] Trial 7 finished with value: 0.190234375 and parameters: {'total_epochs': 31, 'sca_num_cycles': 5, 'sca_lr': 0.000299673090971016}. Best is trial 4 with value: 0.211328125.
[I 2026-07-27 02:33:02,599] Trial 8 finished with value: 0.1873046875 and parameters: {'total_epochs': 56, 'sca_num_cycles': 9, 'sca_lr': 0.00018187859051288225}. Best is trial 4 with value: 0.211328125.
[I 2026-07-27 03:09:59,278] Trial 9 finished with value: 0.1951171875 and parameters: {'total_epochs': 61, 'sca_num_cycles': 7, 'sca_lr': 0.00011492999300221417}. Best is trial 4 with value: 0.211328125.
[I 2026-07-27 04:11:52,354] Trial 10 finished with value: 0.2142578125 and parameters: {'total_epochs': 99, 'sca_num_cycles': 7, 'sca_lr': 0.00025355993639901805}. Best is trial 10 with value: 0.2142578125.
[I 2026-07-27 05:09:49,007] Trial 11 finished with value: 0.2375 and parameters: {'total_epochs': 97, 'sca_num_cycles': 7, 'sca_lr': 0.00027366538708377907}. Best is trial 11 with value: 0.2375.
[I 2026-07-27 06:11:43,411] Trial 12 finished with value: 0.2208984375 and parameters: {'total_epochs': 99, 'sca_num_cycles': 7, 'sca_lr': 0.00027263309051458535}. Best is trial 11 with value: 0.2375.
[I 2026-07-27 07:12:29,969] Trial 13 finished with value: 0.216015625 and parameters: {'total_epochs': 100, 'sca_num_cycles': 8, 'sca_lr': 0.0003243866400266724}. Best is trial 11 with value: 0.2375.
[I 2026-07-27 08:06:10,197] Trial 14 finished with value: 0.1931640625 and parameters: {'total_epochs': 86, 'sca_num_cycles': 6, 'sca_lr': 0.00035049482935841595}. Best is trial 11 with value: 0.2375.
[I 2026-07-27 08:06:10,688] A new study created in memory with name: no-name-384185e1-cbcf-4b47-9f02-ecd781817244
[I 2026-07-27 08:39:38,375] Trial 0 finished with value: 0.2169921875 and parameters: {'total_epochs': 50, 'sca_num_cycles': 10, 'sca_lr': 0.0008960785365368125}. Best is trial 0 with value: 0.2169921875.
[I 2026-07-27 09:07:08,645] Trial 1 finished with value: 0.1802734375 and parameters: {'total_epochs': 41, 'sca_num_cycles': 5, 'sca_lr': 0.0004071992399396869}. Best is trial 0 with value: 0.2169921875.
[I 2026-07-27 09:34:35,207] Trial 2 finished with value: 0.1841796875 and parameters: {'total_epochs': 42, 'sca_num_cycles': 5, 'sca_lr': 0.00043339384562825244}. Best is trial 0 with value: 0.2169921875.
[I 2026-07-27 10:11:41,730] Trial 3 finished with value: 0.1921875 and parameters: {'total_epochs': 59, 'sca_num_cycles': 7, 'sca_lr': 0.0008433556100192173}. Best is trial 0 with value: 0.2169921875.
[I 2026-07-27 10:44:37,137] Trial 4 finished with value: 0.1900390625 and parameters: {'total_epochs': 53, 'sca_num_cycles': 7, 'sca_lr': 0.00010451606700537046}. Best is trial 0 with value: 0.2169921875.
[I 2026-07-27 11:32:52,513] Trial 5 finished with value: 0.19609375 and parameters: {'total_epochs': 78, 'sca_num_cycles': 5, 'sca_lr': 0.0006943814070215697}. Best is trial 0 with value: 0.2169921875.
[I 2026-07-27 12:07:11,370] Trial 6 finished with value: 0.2146484375 and parameters: {'total_epochs': 57, 'sca_num_cycles': 5, 'sca_lr': 0.0007775904439948553}. Best is trial 0 with value: 0.2169921875.
[I 2026-07-27 12:36:25,702] Trial 7 finished with value: 0.2005859375 and parameters: {'total_epochs': 49, 'sca_num_cycles': 5, 'sca_lr': 0.000692758919515868}. Best is trial 0 with value: 0.2169921875.
[I 2026-07-27 13:22:39,880] Trial 8 finished with value: 0.2232421875 and parameters: {'total_epochs': 75, 'sca_num_cycles': 5, 'sca_lr': 0.00036867571409344454}. Best is trial 8 with value: 0.2232421875.
[I 2026-07-27 14:00:13,673] Trial 9 finished with value: 0.2060546875 and parameters: {'total_epochs': 64, 'sca_num_cycles': 5, 'sca_lr': 0.0007253897814234949}. Best is trial 8 with value: 0.2232421875.
[I 2026-07-27 14:38:10,507] Trial 10 finished with value: 0.231640625 and parameters: {'total_epochs': 63, 'sca_num_cycles': 5, 'sca_lr': 0.00045384245064662194}. Best is trial 10 with value: 0.231640625.
[I 2026-07-27 15:07:14,301] Trial 11 finished with value: 0.2140625 and parameters: {'total_epochs': 46, 'sca_num_cycles': 5, 'sca_lr': 0.0009633171949039593}. Best is trial 10 with value: 0.231640625.
[I 2026-07-27 15:38:54,144] Trial 12 finished with value: 0.21796875 and parameters: {'total_epochs': 52, 'sca_num_cycles': 5, 'sca_lr': 0.0005828101268275011}. Best is trial 10 with value: 0.231640625.
[I 2026-07-27 16:21:24,005] Trial 13 finished with value: 0.1908203125 and parameters: {'total_epochs': 70, 'sca_num_cycles': 3, 'sca_lr': 0.001099454007109147}. Best is trial 10 with value: 0.231640625.
[I 2026-07-27 16:40:42,192] Trial 14 finished with value: 0.2029296875 and parameters: {'total_epochs': 30, 'sca_num_cycles': 7, 'sca_lr': 0.000456681843840193}. Best is trial 10 with value: 0.231640625.
[I 2026-07-27 16:40:42,462] A new study created in memory with name: no-name-db00ea17-4ef7-4a76-a051-08d5133c6f4e
[I 2026-07-27 17:12:17,865] Trial 0 finished with value: 0.2064453125 and parameters: {'dpap_train_epochs': 50, 'dpap_ema_decay': 0.9891921469755733, 'dpap_survival_decay': 0.0731993941811405, 'dpap_lr': 0.0006009974718380314}. Best is trial 0 with value: 0.2064453125.
[I 2026-07-27 17:33:48,568] Trial 1 finished with value: 0.2068359375 and parameters: {'dpap_train_epochs': 32, 'dpap_ema_decay': 0.8310429095469044, 'dpap_survival_decay': 0.005808361216819946, 'dpap_lr': 0.0013394334706750498}. Best is trial 1 with value: 0.2068359375.
[I 2026-07-27 18:15:55,530] Trial 2 finished with value: 0.21875 and parameters: {'dpap_train_epochs': 68, 'dpap_ema_decay': 0.9409064429814131, 'dpap_survival_decay': 0.0020584494295802446, 'dpap_lr': 0.0018276027831785732}. Best is trial 2 with value: 0.21875.
[I 2026-07-27 19:08:52,210] Trial 3 finished with value: 0.19765625 and parameters: {'dpap_train_epochs': 87, 'dpap_ema_decay': 0.842255483024977, 'dpap_survival_decay': 0.018182496720710064, 'dpap_lr': 0.00017322667470546282}. Best is trial 2 with value: 0.21875.
[I 2026-07-27 19:37:23,167] Trial 4 finished with value: 0.201171875 and parameters: {'dpap_train_epochs': 44, 'dpap_ema_decay': 0.9044265298948153, 'dpap_survival_decay': 0.04319450186421158, 'dpap_lr': 0.00023927528765580657}. Best is trial 2 with value: 0.21875.
[I 2026-07-27 20:20:00,501] Trial 5 finished with value: 0.2064453125 and parameters: {'dpap_train_epochs': 69, 'dpap_ema_decay': 0.8277592782697564, 'dpap_survival_decay': 0.029214464853521818, 'dpap_lr': 0.000299673090971016}. Best is trial 2 with value: 0.21875.
[I 2026-07-27 20:55:08,276] Trial 6 finished with value: 0.218359375 and parameters: {'dpap_train_epochs': 56, 'dpap_ema_decay': 0.9562500163172097, 'dpap_survival_decay': 0.019967378215835975, 'dpap_lr': 0.00046669637672369234}. Best is trial 2 with value: 0.21875.
[I 2026-07-27 21:36:12,223] Trial 7 finished with value: 0.2076171875 and parameters: {'dpap_train_epochs': 67, 'dpap_ema_decay': 0.8092436321312796, 'dpap_survival_decay': 0.06075448519014384, 'dpap_lr': 0.0001666698328606644}. Best is trial 2 with value: 0.21875.
[I 2026-07-27 21:53:36,633] Trial 8 finished with value: 0.21875 and parameters: {'dpap_train_epochs': 25, 'dpap_ema_decay': 0.9888282219134134, 'dpap_survival_decay': 0.09656320330745594, 'dpap_lr': 0.0011265466963346032}. Best is trial 2 with value: 0.21875.
[I 2026-07-27 22:21:52,180] Trial 9 finished with value: 0.2064453125 and parameters: {'dpap_train_epochs': 44, 'dpap_ema_decay': 0.8194367506872704, 'dpap_survival_decay': 0.0684233026512157, 'dpap_lr': 0.0003738105868191798}. Best is trial 2 with value: 0.21875.
[I 2026-07-27 22:41:51,973] Trial 10 finished with value: 0.2224609375 and parameters: {'dpap_train_epochs': 29, 'dpap_ema_decay': 0.8985402051121428, 'dpap_survival_decay': 0.0034388521115218396, 'dpap_lr': 0.0015242391728466382}. Best is trial 10 with value: 0.2224609375.
[I 2026-07-27 23:07:51,761] Trial 11 finished with value: 0.221484375 and parameters: {'dpap_train_epochs': 40, 'dpap_ema_decay': 0.9318419345864424, 'dpap_survival_decay': 0.031171107608941095, 'dpap_lr': 0.0004749239763680409}. Best is trial 10 with value: 0.2224609375.
[I 2026-07-27 23:47:43,864] Trial 12 finished with value: 0.2056640625 and parameters: {'dpap_train_epochs': 64, 'dpap_ema_decay': 0.83678603664958, 'dpap_survival_decay': 0.09695846277645587, 'dpap_lr': 0.0010196967939171493}. Best is trial 10 with value: 0.2224609375.
[I 2026-07-28 00:45:29,572] Trial 13 finished with value: 0.225390625 and parameters: {'dpap_train_epochs': 96, 'dpap_ema_decay': 0.9780706427351021, 'dpap_survival_decay': 0.05978999788110852, 'dpap_lr': 0.001582654190464757}. Best is trial 13 with value: 0.225390625.
[I 2026-07-28 01:04:13,660] Trial 14 finished with value: 0.194921875 and parameters: {'dpap_train_epochs': 27, 'dpap_ema_decay': 0.8390005896214099, 'dpap_survival_decay': 0.004522728891053806, 'dpap_lr': 0.0002650113770745899}. Best is trial 13 with value: 0.225390625.
[I 2026-07-28 01:04:13,977] A new study created in memory with name: no-name-9446fb7a-442f-4956-a5f7-f272b7d632ea
