[I 2026-07-28 01:36:11,308] Trial 0 finished with value: 0.215625 and parameters: {'dpap_train_epochs': 50, 'dpap_ema_decay': 0.9891921469755733, 'dpap_survival_decay': 0.0731993941811405, 'dpap_lr': 0.0006009974718380314}. Best is trial 0 with value: 0.215625.
[I 2026-07-28 01:57:44,290] Trial 1 finished with value: 0.244140625 and parameters: {'dpap_train_epochs': 32, 'dpap_ema_decay': 0.8310429095469044, 'dpap_survival_decay': 0.005808361216819946, 'dpap_lr': 0.0013394334706750498}. Best is trial 1 with value: 0.244140625.
[I 2026-07-28 02:39:42,222] Trial 2 finished with value: 0.230859375 and parameters: {'dpap_train_epochs': 68, 'dpap_ema_decay': 0.9409064429814131, 'dpap_survival_decay': 0.0020584494295802446, 'dpap_lr': 0.0018276027831785732}. Best is trial 1 with value: 0.244140625.
[I 2026-07-28 03:32:22,011] Trial 3 finished with value: 0.2111328125 and parameters: {'dpap_train_epochs': 87, 'dpap_ema_decay': 0.842255483024977, 'dpap_survival_decay': 0.018182496720710064, 'dpap_lr': 0.00017322667470546282}. Best is trial 1 with value: 0.244140625.
[I 2026-07-28 04:00:44,276] Trial 4 finished with value: 0.2037109375 and parameters: {'dpap_train_epochs': 44, 'dpap_ema_decay': 0.9044265298948153, 'dpap_survival_decay': 0.04319450186421158, 'dpap_lr': 0.00023927528765580657}. Best is trial 1 with value: 0.244140625.
[I 2026-07-28 04:43:06,040] Trial 5 finished with value: 0.2068359375 and parameters: {'dpap_train_epochs': 69, 'dpap_ema_decay': 0.8277592782697564, 'dpap_survival_decay': 0.029214464853521818, 'dpap_lr': 0.000299673090971016}. Best is trial 1 with value: 0.244140625.
[I 2026-07-28 05:18:29,465] Trial 6 finished with value: 0.221484375 and parameters: {'dpap_train_epochs': 56, 'dpap_ema_decay': 0.9562500163172097, 'dpap_survival_decay': 0.019967378215835975, 'dpap_lr': 0.00046669637672369234}. Best is trial 1 with value: 0.244140625.
[I 2026-07-28 06:00:00,435] Trial 7 finished with value: 0.198828125 and parameters: {'dpap_train_epochs': 67, 'dpap_ema_decay': 0.8092436321312796, 'dpap_survival_decay': 0.06075448519014384, 'dpap_lr': 0.0001666698328606644}. Best is trial 1 with value: 0.244140625.
[I 2026-07-28 06:17:31,475] Trial 8 finished with value: 0.209375 and parameters: {'dpap_train_epochs': 25, 'dpap_ema_decay': 0.9888282219134134, 'dpap_survival_decay': 0.09656320330745594, 'dpap_lr': 0.0011265466963346032}. Best is trial 1 with value: 0.244140625.
[I 2026-07-28 06:45:53,392] Trial 9 finished with value: 0.2044921875 and parameters: {'dpap_train_epochs': 44, 'dpap_ema_decay': 0.8194367506872704, 'dpap_survival_decay': 0.0684233026512157, 'dpap_lr': 0.0003738105868191798}. Best is trial 1 with value: 0.244140625.
[I 2026-07-28 07:01:07,951] Trial 10 finished with value: 0.2181640625 and parameters: {'dpap_train_epochs': 21, 'dpap_ema_decay': 0.8723818070507046, 'dpap_survival_decay': 0.0007547319316292961, 'dpap_lr': 0.000863740938988864}. Best is trial 1 with value: 0.244140625.
[I 2026-07-28 07:53:16,563] Trial 11 finished with value: 0.238671875 and parameters: {'dpap_train_epochs': 85, 'dpap_ema_decay': 0.9192138591762227, 'dpap_survival_decay': 0.0015144237102756837, 'dpap_lr': 0.0018827544393425408}. Best is trial 1 with value: 0.244140625.
[I 2026-07-28 08:51:09,043] Trial 12 finished with value: 0.226171875 and parameters: {'dpap_train_epochs': 96, 'dpap_ema_decay': 0.8896375042775114, 'dpap_survival_decay': 0.03456938491907062, 'dpap_lr': 0.0018172631771498516}. Best is trial 1 with value: 0.244140625.
[I 2026-07-28 09:42:26,182] Trial 13 finished with value: 0.22421875 and parameters: {'dpap_train_epochs': 84, 'dpap_ema_decay': 0.9246230813073896, 'dpap_survival_decay': 0.014156330794828344, 'dpap_lr': 0.0010536754363088814}. Best is trial 1 with value: 0.244140625.
[I 2026-07-28 10:03:46,556] Trial 14 finished with value: 0.2765625 and parameters: {'dpap_train_epochs': 32, 'dpap_ema_decay': 0.8556482155169074, 'dpap_survival_decay': 0.0007774596577465797, 'dpap_lr': 0.0014219772799623543}. Best is trial 14 with value: 0.2765625.
[I 2026-07-28 10:03:46,675] A new study created in memory with name: no-name-7d96be23-2dd2-455b-80c5-373c643aee8f
[I 2026-07-28 10:35:29,736] Trial 0 finished with value: 0.208984375 and parameters: {'dpap_train_epochs': 50, 'dpap_ema_decay': 0.9891921469755733, 'dpap_survival_decay': 0.0731993941811405, 'dpap_lr': 0.0006009974718380314}. Best is trial 0 with value: 0.208984375.
[I 2026-07-28 11:07:22,758] Trial 1 finished with value: 0.210546875 and parameters: {'dpap_train_epochs': 50, 'dpap_ema_decay': 0.8932734719296337, 'dpap_survival_decay': 0.026005197357150456, 'dpap_lr': 0.0002996712404011482}. Best is trial 1 with value: 0.210546875.
[I 2026-07-28 11:52:36,065] Trial 2 finished with value: 0.199609375 and parameters: {'dpap_train_epochs': 75, 'dpap_ema_decay': 0.8974148679552452, 'dpap_survival_decay': 0.02773330684003951, 'dpap_lr': 0.0002790780551696343}. Best is trial 1 with value: 0.210546875.
[I 2026-07-28 12:25:01,343] Trial 3 finished with value: 0.2173828125 and parameters: {'dpap_train_epochs': 52, 'dpap_ema_decay': 0.9416386536192927, 'dpap_survival_decay': 0.04823593269418818, 'dpap_lr': 0.000526398710039156}. Best is trial 3 with value: 0.2173828125.
[I 2026-07-28 13:00:12,249] Trial 4 finished with value: 0.2228515625 and parameters: {'dpap_train_epochs': 57, 'dpap_ema_decay': 0.8029341588438714, 'dpap_survival_decay': 0.04099423790955377, 'dpap_lr': 0.0004757556163827672}. Best is trial 4 with value: 0.2228515625.
[I 2026-07-28 13:49:14,723] Trial 5 finished with value: 0.2052734375 and parameters: {'dpap_train_epochs': 81, 'dpap_ema_decay': 0.9287272539279711, 'dpap_survival_decay': 0.07249420246830363, 'dpap_lr': 0.0002370101785720735}. Best is trial 4 with value: 0.2228515625.
[I 2026-07-28 14:13:26,569] Trial 6 finished with value: 0.199609375 and parameters: {'dpap_train_epochs': 37, 'dpap_ema_decay': 0.9362454613923411, 'dpap_survival_decay': 0.046081904756469325, 'dpap_lr': 0.00026790167171618254}. Best is trial 4 with value: 0.2228515625.
[I 2026-07-28 14:42:04,112] Trial 7 finished with value: 0.1962890625 and parameters: {'dpap_train_epochs': 45, 'dpap_ema_decay': 0.9285718574270692, 'dpap_survival_decay': 0.03629080359208499, 'dpap_lr': 0.0002453576021479483}. Best is trial 4 with value: 0.2228515625.
[I 2026-07-28 15:21:50,309] Trial 8 finished with value: 0.20625 and parameters: {'dpap_train_epochs': 65, 'dpap_ema_decay': 0.9442566758638256, 'dpap_survival_decay': 0.02669588684073372, 'dpap_lr': 0.0007490631329301274}. Best is trial 4 with value: 0.2228515625.
[I 2026-07-28 15:56:17,043] Trial 9 finished with value: 0.2087890625 and parameters: {'dpap_train_epochs': 55, 'dpap_ema_decay': 0.8623286237937654, 'dpap_survival_decay': 0.049248817148237256, 'dpap_lr': 0.00045930825150459565}. Best is trial 4 with value: 0.2228515625.
[I 2026-07-28 16:25:36,009] Trial 10 finished with value: 0.2171875 and parameters: {'dpap_train_epochs': 46, 'dpap_ema_decay': 0.8884919424597779, 'dpap_survival_decay': 0.060494170708154195, 'dpap_lr': 0.0005589517335219158}. Best is trial 4 with value: 0.2228515625.
[I 2026-07-28 17:02:32,369] Trial 11 finished with value: 0.233203125 and parameters: {'dpap_train_epochs': 59, 'dpap_ema_decay': 0.8573770321906847, 'dpap_survival_decay': 0.04343575395471865, 'dpap_lr': 0.0018929112256547557}. Best is trial 11 with value: 0.233203125.
[I 2026-07-28 17:26:53,569] Trial 12 finished with value: 0.2041015625 and parameters: {'dpap_train_epochs': 36, 'dpap_ema_decay': 0.8824331021768932, 'dpap_survival_decay': 0.03977323017456849, 'dpap_lr': 0.0007157497980848224}. Best is trial 11 with value: 0.233203125.
[I 2026-07-28 18:12:49,778] Trial 13 finished with value: 0.2134765625 and parameters: {'dpap_train_epochs': 74, 'dpap_ema_decay': 0.94864738506946, 'dpap_survival_decay': 0.06989852901738272, 'dpap_lr': 0.0007653818886535597}. Best is trial 11 with value: 0.233203125.
[I 2026-07-28 18:49:49,907] Trial 14 finished with value: 0.207421875 and parameters: {'dpap_train_epochs': 57, 'dpap_ema_decay': 0.8439403477272848, 'dpap_survival_decay': 0.03020308564605352, 'dpap_lr': 0.0008641788584598914}. Best is trial 11 with value: 0.233203125.
